
Fri, 28 Apr 2017 15:07:18 test_log.py[line:6] DEBUG This is debug message
Fri, 28 Apr 2017 15:07:18 test_log.py[line:7] INFO This is info message
Fri, 28 Apr 2017 15:07:18 test_log.py[line:8] WARNING This is warning message
Fri, 28 Apr 2017 15:54:47 test_log.py[line:6] DEBUG This is debug message
Fri, 28 Apr 2017 15:54:47 test_log.py[line:7] INFO This is info message
Fri, 28 Apr 2017 15:54:47 test_log.py[line:8] WARNING This is warning message
Fri, 28 Apr 2017 15:54:48 test_log.py[line:6] DEBUG This is debug message
Fri, 28 Apr 2017 15:54:48 test_log.py[line:7] INFO This is info message
Fri, 28 Apr 2017 15:54:48 test_log.py[line:8] WARNING This is warning message
Fri, 28 Apr 2017 15:54:48 test_log.py[line:6] DEBUG This is debug message
Fri, 28 Apr 2017 15:54:48 test_log.py[line:7] INFO This is info message
Fri, 28 Apr 2017 15:54:48 test_log.py[line:8] WARNING This is warning message
Fri, 28 Apr 2017 15:54:49 test_log.py[line:6] DEBUG This is debug message
Fri, 28 Apr 2017 15:54:49 test_log.py[line:7] INFO This is info message
Fri, 28 Apr 2017 15:54:49 test_log.py[line:8] WARNING This is warning message
Fri, 28 Apr 2017 15:54:49 test_log.py[line:6] DEBUG This is debug message
Fri, 28 Apr 2017 15:54:49 test_log.py[line:7] INFO This is info message
Fri, 28 Apr 2017 15:54:49 test_log.py[line:8] WARNING This is warning message
Fri, 28 Apr 2017 15:54:57 test_log.py[line:6] DEBUG This is debug message
Fri, 28 Apr 2017 15:54:57 test_log.py[line:7] INFO This is info message
Fri, 28 Apr 2017 15:54:57 test_log.py[line:8] WARNING This is warning message
Fri, 28 Apr 2017 15:55:02 test_log.py[line:6] DEBUG This is debug message
Fri, 28 Apr 2017 15:55:02 test_log.py[line:7] INFO This is info message
Fri, 28 Apr 2017 15:55:02 test_log.py[line:8] WARNING This is warning message
Fri, 28 Apr 2017 15:55:06 test_log.py[line:6] DEBUG This is debug message
Fri, 28 Apr 2017 15:55:06 test_log.py[line:7] INFO This is info message
Fri, 28 Apr 2017 15:55:06 test_log.py[line:8] WARNING This is warning message
Fri, 28 Apr 2017 15:55:06 test_log.py[line:6] DEBUG This is debug message
Fri, 28 Apr 2017 15:55:06 test_log.py[line:7] INFO This is info message
Fri, 28 Apr 2017 15:55:06 test_log.py[line:8] WARNING This is warning message
Fri, 28 Apr 2017 15:55:06 test_log.py[line:6] DEBUG This is debug message
Fri, 28 Apr 2017 15:55:06 test_log.py[line:7] INFO This is info message
Fri, 28 Apr 2017 15:55:06 test_log.py[line:8] WARNING This is warning message
Fri, 28 Apr 2017 15:57:25 paper_url_spider.py[line:236] INFO hahaahah
Wed, 03 May 2017 16:23:45 paper_url_spider.py[line:155] INFO 免费代理获取中  
这可能花费几分钟，请稍后...
Wed, 03 May 2017 16:25:52 paper_url_spider.py[line:155] INFO 免费代理获取中  
这可能花费几分钟，请稍后...
Wed, 03 May 2017 16:26:53 paper_url_spider.py[line:155] INFO 免费代理获取中  
这可能花费几分钟，请稍后...
Wed, 03 May 2017 16:27:27 paper_url_spider.py[line:164] INFO 免费代理获取完毕，总共9条。
Wed, 03 May 2017 16:27:31 paper_url_spider.py[line:171] INFO 3774
Wed, 03 May 2017 16:27:33 paper_url_spider.py[line:214] DEBUG 'NoneType' object is not iterable
Wed, 03 May 2017 16:27:33 paper_url_spider.py[line:215] DEBUG 插入数据库失败...
Wed, 03 May 2017 16:27:33 paper_url_spider.py[line:214] DEBUG 'NoneType' object is not iterable
Wed, 03 May 2017 16:27:33 paper_url_spider.py[line:215] DEBUG 插入数据库失败...
Wed, 03 May 2017 16:27:34 paper_url_spider.py[line:214] DEBUG 'NoneType' object is not iterable
Wed, 03 May 2017 16:27:34 paper_url_spider.py[line:215] DEBUG 插入数据库失败...
Wed, 03 May 2017 16:27:34 paper_url_spider.py[line:214] DEBUG 'NoneType' object is not iterable
Wed, 03 May 2017 16:27:34 paper_url_spider.py[line:215] DEBUG 插入数据库失败...
Wed, 03 May 2017 16:27:35 paper_url_spider.py[line:150] DEBUG 论文解析失败..
Wed, 03 May 2017 16:27:35 paper_url_spider.py[line:151] DEBUG list index out of range
Wed, 03 May 2017 16:27:35 paper_url_spider.py[line:150] DEBUG 论文解析失败..
Wed, 03 May 2017 16:27:35 paper_url_spider.py[line:151] DEBUG list index out of range
Wed, 03 May 2017 16:27:36 paper_url_spider.py[line:150] DEBUG 论文解析失败..
Wed, 03 May 2017 16:27:36 paper_url_spider.py[line:151] DEBUG list index out of range
Wed, 03 May 2017 16:27:37 paper_url_spider.py[line:214] DEBUG 'NoneType' object is not iterable
Wed, 03 May 2017 16:27:37 paper_url_spider.py[line:215] DEBUG 插入数据库失败...
Wed, 03 May 2017 16:27:37 paper_url_spider.py[line:214] DEBUG 'NoneType' object is not iterable
Wed, 03 May 2017 16:27:37 paper_url_spider.py[line:215] DEBUG 插入数据库失败...
Wed, 03 May 2017 16:27:37 paper_url_spider.py[line:150] DEBUG 论文解析失败..
Wed, 03 May 2017 16:27:37 paper_url_spider.py[line:151] DEBUG list index out of range
Wed, 03 May 2017 16:27:42 paper_url_spider.py[line:150] DEBUG 论文解析失败..
Wed, 03 May 2017 16:27:42 paper_url_spider.py[line:151] DEBUG HTTPConnectionPool(host='117.135.198.33', port=80): Read timed out. (read timeout=4)
Wed, 03 May 2017 16:27:46 paper_url_spider.py[line:150] DEBUG 论文解析失败..
Wed, 03 May 2017 16:27:46 paper_url_spider.py[line:151] DEBUG HTTPConnectionPool(host='117.135.198.33', port=80): Read timed out. (read timeout=4)
Wed, 03 May 2017 16:27:50 paper_url_spider.py[line:150] DEBUG 论文解析失败..
Wed, 03 May 2017 16:27:50 paper_url_spider.py[line:151] DEBUG HTTPConnectionPool(host='117.135.198.33', port=80): Read timed out. (read timeout=4)
Wed, 03 May 2017 16:27:50 paper_url_spider.py[line:150] DEBUG 论文解析失败..
Wed, 03 May 2017 16:27:50 paper_url_spider.py[line:151] DEBUG HTTPConnectionPool(host='113.128.128.125', port=808): Max retries exceeded with url: http://d.wanfangdata.com.cn/Periodical/szyxsj2016z2006 (Caused by ProxyError('Cannot connect to proxy.', NewConnectionError('<requests.packages.urllib3.connection.HTTPConnection object at 0x7f5d90873240>: Failed to establish a new connection: [Errno 111] Connection refused',)))
Wed, 03 May 2017 16:27:50 paper_url_spider.py[line:214] DEBUG 'NoneType' object is not iterable
Wed, 03 May 2017 16:27:50 paper_url_spider.py[line:215] DEBUG 插入数据库失败...
Wed, 03 May 2017 16:27:51 paper_url_spider.py[line:214] DEBUG 'NoneType' object is not iterable
Wed, 03 May 2017 16:27:51 paper_url_spider.py[line:215] DEBUG 插入数据库失败...
Wed, 03 May 2017 16:27:52 paper_url_spider.py[line:214] DEBUG 'NoneType' object is not iterable
Wed, 03 May 2017 16:27:52 paper_url_spider.py[line:215] DEBUG 插入数据库失败...
Wed, 03 May 2017 16:27:52 paper_url_spider.py[line:214] DEBUG 'NoneType' object is not iterable
Wed, 03 May 2017 16:27:52 paper_url_spider.py[line:215] DEBUG 插入数据库失败...
Wed, 03 May 2017 16:29:26 paper_url_spider.py[line:155] INFO 免费代理获取中  
这可能花费几分钟，请稍后...
Wed, 03 May 2017 16:33:54 paper_url_spider.py[line:155] INFO 免费代理获取中  
这可能花费几分钟，请稍后...
Wed, 03 May 2017 16:35:37 paper_url_spider.py[line:155] INFO 免费代理获取中  
这可能花费几分钟，请稍后...
Wed, 03 May 2017 16:36:53 paper_url_spider.py[line:155] INFO 免费代理获取中  
这可能花费几分钟，请稍后...
Wed, 03 May 2017 16:38:50 paper_url_spider.py[line:155] INFO 免费代理获取中  
这可能花费几分钟，请稍后...
Wed, 03 May 2017 16:39:27 paper_url_spider.py[line:155] INFO 免费代理获取中  
这可能花费几分钟，请稍后...
Wed, 03 May 2017 16:39:53 paper_url_spider.py[line:155] INFO 免费代理获取中  
这可能花费几分钟，请稍后...
Wed, 03 May 2017 16:40:13 paper_url_spider.py[line:155] INFO 免费代理获取中  
这可能花费几分钟，请稍后...
Wed, 03 May 2017 16:40:43 paper_url_spider.py[line:163] INFO 免费代理获取完毕，总共9条。
Wed, 03 May 2017 16:40:46 paper_url_spider.py[line:170] INFO 3774
Wed, 03 May 2017 16:40:48 paper_url_spider.py[line:213] DEBUG 'NoneType' object is not iterable
Wed, 03 May 2017 16:40:48 paper_url_spider.py[line:214] DEBUG 插入数据库失败...
Wed, 03 May 2017 16:40:48 paper_url_spider.py[line:213] DEBUG 'NoneType' object is not iterable
Wed, 03 May 2017 16:40:48 paper_url_spider.py[line:214] DEBUG 插入数据库失败...
Wed, 03 May 2017 16:40:49 paper_url_spider.py[line:213] DEBUG 'NoneType' object is not iterable
Wed, 03 May 2017 16:40:49 paper_url_spider.py[line:214] DEBUG 插入数据库失败...
Wed, 03 May 2017 16:40:50 paper_url_spider.py[line:213] DEBUG 'NoneType' object is not iterable
Wed, 03 May 2017 16:40:50 paper_url_spider.py[line:214] DEBUG 插入数据库失败...
Wed, 03 May 2017 16:40:50 paper_url_spider.py[line:150] DEBUG 论文解析失败..
Wed, 03 May 2017 16:40:50 paper_url_spider.py[line:151] DEBUG list index out of range
Wed, 03 May 2017 16:40:51 paper_url_spider.py[line:150] DEBUG 论文解析失败..
Wed, 03 May 2017 16:40:51 paper_url_spider.py[line:151] DEBUG list index out of range
Wed, 03 May 2017 16:40:52 paper_url_spider.py[line:150] DEBUG 论文解析失败..
Wed, 03 May 2017 16:40:52 paper_url_spider.py[line:151] DEBUG list index out of range
Wed, 03 May 2017 16:40:53 paper_url_spider.py[line:213] DEBUG 'NoneType' object is not iterable
Wed, 03 May 2017 16:40:53 paper_url_spider.py[line:214] DEBUG 插入数据库失败...
Wed, 03 May 2017 16:40:54 paper_url_spider.py[line:213] DEBUG 'NoneType' object is not iterable
Wed, 03 May 2017 16:40:54 paper_url_spider.py[line:214] DEBUG 插入数据库失败...
Wed, 03 May 2017 16:40:55 paper_url_spider.py[line:150] DEBUG 论文解析失败..
Wed, 03 May 2017 16:40:55 paper_url_spider.py[line:151] DEBUG list index out of range
Wed, 03 May 2017 16:40:55 paper_url_spider.py[line:150] DEBUG 论文解析失败..
Wed, 03 May 2017 16:40:55 paper_url_spider.py[line:151] DEBUG list index out of range
Wed, 03 May 2017 16:40:59 paper_url_spider.py[line:150] DEBUG 论文解析失败..
Wed, 03 May 2017 16:40:59 paper_url_spider.py[line:151] DEBUG list index out of range
Wed, 03 May 2017 16:41:03 paper_url_spider.py[line:150] DEBUG 论文解析失败..
Wed, 03 May 2017 16:41:03 paper_url_spider.py[line:151] DEBUG HTTPConnectionPool(host='180.105.170.92', port=8998): Read timed out. (read timeout=4)
Wed, 03 May 2017 16:41:04 paper_url_spider.py[line:213] DEBUG 'NoneType' object is not iterable
Wed, 03 May 2017 16:41:04 paper_url_spider.py[line:214] DEBUG 插入数据库失败...
Wed, 03 May 2017 16:41:04 paper_url_spider.py[line:213] DEBUG 'NoneType' object is not iterable
Wed, 03 May 2017 16:41:04 paper_url_spider.py[line:214] DEBUG 插入数据库失败...
Wed, 03 May 2017 16:41:04 paper_url_spider.py[line:81] DEBUG 页面信息解析失败
Wed, 03 May 2017 16:41:04 paper_url_spider.py[line:82] DEBUG HTTPConnectionPool(host='180.105.170.92', port=8998): Max retries exceeded with url: http://s.wanfangdata.com.cn/Paper.aspx?q=%20%E9%A2%98%E5%90%8D:%E4%BA%BA%E5%B7%A5%E6%99%BA%E8%83%BD&p=1 (Caused by ProxyError('Cannot connect to proxy.', NewConnectionError('<requests.packages.urllib3.connection.HTTPConnection object at 0x7f899098aa20>: Failed to establish a new connection: [Errno 111] Connection refused',)))
Wed, 03 May 2017 16:41:06 paper_url_spider.py[line:213] DEBUG 'NoneType' object is not iterable
Wed, 03 May 2017 16:41:06 paper_url_spider.py[line:214] DEBUG 插入数据库失败...
Wed, 03 May 2017 16:41:06 paper_url_spider.py[line:213] DEBUG 'NoneType' object is not iterable
Wed, 03 May 2017 16:41:06 paper_url_spider.py[line:214] DEBUG 插入数据库失败...
Wed, 03 May 2017 16:41:06 paper_url_spider.py[line:213] DEBUG 'NoneType' object is not iterable
Wed, 03 May 2017 16:41:06 paper_url_spider.py[line:214] DEBUG 插入数据库失败...
Wed, 03 May 2017 16:41:07 paper_url_spider.py[line:213] DEBUG 'NoneType' object is not iterable
Wed, 03 May 2017 16:41:07 paper_url_spider.py[line:214] DEBUG 插入数据库失败...
Wed, 03 May 2017 16:41:07 paper_url_spider.py[line:150] DEBUG 论文解析失败..
Wed, 03 May 2017 16:41:07 paper_url_spider.py[line:151] DEBUG list index out of range
Wed, 03 May 2017 16:41:08 paper_url_spider.py[line:150] DEBUG 论文解析失败..
Wed, 03 May 2017 16:41:08 paper_url_spider.py[line:151] DEBUG list index out of range
Wed, 03 May 2017 16:41:08 paper_url_spider.py[line:150] DEBUG 论文解析失败..
Wed, 03 May 2017 16:41:08 paper_url_spider.py[line:151] DEBUG list index out of range
Wed, 03 May 2017 16:41:09 paper_url_spider.py[line:213] DEBUG 'NoneType' object is not iterable
Wed, 03 May 2017 16:41:09 paper_url_spider.py[line:214] DEBUG 插入数据库失败...
Wed, 03 May 2017 16:41:10 paper_url_spider.py[line:213] DEBUG 'NoneType' object is not iterable
Wed, 03 May 2017 16:41:10 paper_url_spider.py[line:214] DEBUG 插入数据库失败...
Wed, 03 May 2017 16:41:10 paper_url_spider.py[line:150] DEBUG 论文解析失败..
Wed, 03 May 2017 16:41:10 paper_url_spider.py[line:151] DEBUG list index out of range
Wed, 03 May 2017 16:41:11 paper_url_spider.py[line:150] DEBUG 论文解析失败..
Wed, 03 May 2017 16:41:11 paper_url_spider.py[line:151] DEBUG list index out of range
Wed, 03 May 2017 16:41:14 paper_url_spider.py[line:150] DEBUG 论文解析失败..
Wed, 03 May 2017 16:41:14 paper_url_spider.py[line:151] DEBUG list index out of range
Wed, 03 May 2017 16:41:14 paper_url_spider.py[line:213] DEBUG 'NoneType' object is not iterable
Wed, 03 May 2017 16:41:14 paper_url_spider.py[line:214] DEBUG 插入数据库失败...
Wed, 03 May 2017 16:41:15 paper_url_spider.py[line:213] DEBUG 'NoneType' object is not iterable
Wed, 03 May 2017 16:41:15 paper_url_spider.py[line:214] DEBUG 插入数据库失败...
Wed, 03 May 2017 16:41:17 paper_url_spider.py[line:213] DEBUG 'NoneType' object is not iterable
Wed, 03 May 2017 16:41:17 paper_url_spider.py[line:214] DEBUG 插入数据库失败...
Wed, 03 May 2017 16:41:17 paper_url_spider.py[line:150] DEBUG 论文解析失败..
Wed, 03 May 2017 16:41:17 paper_url_spider.py[line:151] DEBUG list index out of range
Wed, 03 May 2017 16:41:17 paper_url_spider.py[line:150] DEBUG 论文解析失败..
Wed, 03 May 2017 16:41:17 paper_url_spider.py[line:151] DEBUG list index out of range
Wed, 03 May 2017 16:41:18 paper_url_spider.py[line:150] DEBUG 论文解析失败..
Wed, 03 May 2017 16:41:18 paper_url_spider.py[line:151] DEBUG list index out of range
Wed, 03 May 2017 16:41:18 paper_url_spider.py[line:213] DEBUG 'NoneType' object is not iterable
Wed, 03 May 2017 16:41:18 paper_url_spider.py[line:214] DEBUG 插入数据库失败...
Wed, 03 May 2017 16:41:18 paper_url_spider.py[line:213] DEBUG 'NoneType' object is not iterable
Wed, 03 May 2017 16:41:18 paper_url_spider.py[line:214] DEBUG 插入数据库失败...
Wed, 03 May 2017 16:41:19 paper_url_spider.py[line:213] DEBUG 'NoneType' object is not iterable
Wed, 03 May 2017 16:41:19 paper_url_spider.py[line:214] DEBUG 插入数据库失败...
Wed, 03 May 2017 16:41:19 paper_url_spider.py[line:213] DEBUG 'NoneType' object is not iterable
Wed, 03 May 2017 16:41:19 paper_url_spider.py[line:214] DEBUG 插入数据库失败...
Wed, 03 May 2017 16:41:20 paper_url_spider.py[line:213] DEBUG 'NoneType' object is not iterable
Wed, 03 May 2017 16:41:20 paper_url_spider.py[line:214] DEBUG 插入数据库失败...
Wed, 03 May 2017 16:41:20 paper_url_spider.py[line:213] DEBUG 'NoneType' object is not iterable
Wed, 03 May 2017 16:41:20 paper_url_spider.py[line:214] DEBUG 插入数据库失败...
Wed, 03 May 2017 16:41:20 paper_url_spider.py[line:213] DEBUG 'NoneType' object is not iterable
Wed, 03 May 2017 16:41:20 paper_url_spider.py[line:214] DEBUG 插入数据库失败...
Wed, 03 May 2017 16:41:21 paper_url_spider.py[line:213] DEBUG 'NoneType' object is not iterable
Wed, 03 May 2017 16:41:21 paper_url_spider.py[line:214] DEBUG 插入数据库失败...
Wed, 03 May 2017 16:41:22 paper_url_spider.py[line:213] DEBUG 'NoneType' object is not iterable
Wed, 03 May 2017 16:41:22 paper_url_spider.py[line:214] DEBUG 插入数据库失败...
Wed, 03 May 2017 16:41:22 paper_url_spider.py[line:213] DEBUG 'NoneType' object is not iterable
Wed, 03 May 2017 16:41:22 paper_url_spider.py[line:214] DEBUG 插入数据库失败...
Wed, 03 May 2017 16:41:22 paper_url_spider.py[line:150] DEBUG 论文解析失败..
Wed, 03 May 2017 16:41:22 paper_url_spider.py[line:151] DEBUG HTTPConnectionPool(host='113.128.128.125', port=808): Max retries exceeded with url: http://d.wanfangdata.com.cn/Periodical/jsjkx200112005 (Caused by ProxyError('Cannot connect to proxy.', NewConnectionError('<requests.packages.urllib3.connection.HTTPConnection object at 0x7f899094a898>: Failed to establish a new connection: [Errno 111] Connection refused',)))
Wed, 03 May 2017 16:41:26 paper_url_spider.py[line:150] DEBUG 论文解析失败..
Wed, 03 May 2017 16:41:26 paper_url_spider.py[line:151] DEBUG HTTPConnectionPool(host='117.135.198.19', port=80): Read timed out. (read timeout=4)
Wed, 03 May 2017 16:41:30 paper_url_spider.py[line:213] DEBUG 'NoneType' object is not iterable
Wed, 03 May 2017 16:41:30 paper_url_spider.py[line:214] DEBUG 插入数据库失败...
Wed, 03 May 2017 16:41:35 paper_url_spider.py[line:150] DEBUG 论文解析失败..
Wed, 03 May 2017 16:41:35 paper_url_spider.py[line:151] DEBUG HTTPConnectionPool(host='180.212.229.183', port=8998): Read timed out.
Wed, 03 May 2017 16:41:35 paper_url_spider.py[line:213] DEBUG 'NoneType' object is not iterable
Wed, 03 May 2017 16:41:35 paper_url_spider.py[line:214] DEBUG 插入数据库失败...
Wed, 03 May 2017 16:41:38 paper_url_spider.py[line:213] DEBUG 'NoneType' object is not iterable
Wed, 03 May 2017 16:41:38 paper_url_spider.py[line:214] DEBUG 插入数据库失败...
Wed, 03 May 2017 16:41:39 paper_url_spider.py[line:213] DEBUG 'NoneType' object is not iterable
Wed, 03 May 2017 16:41:39 paper_url_spider.py[line:214] DEBUG 插入数据库失败...
Wed, 03 May 2017 16:41:40 paper_url_spider.py[line:213] DEBUG 'NoneType' object is not iterable
Wed, 03 May 2017 16:41:40 paper_url_spider.py[line:214] DEBUG 插入数据库失败...
Wed, 03 May 2017 16:41:40 paper_url_spider.py[line:150] DEBUG 论文解析失败..
Wed, 03 May 2017 16:41:40 paper_url_spider.py[line:151] DEBUG list index out of range
Wed, 03 May 2017 16:41:40 paper_url_spider.py[line:150] DEBUG 论文解析失败..
Wed, 03 May 2017 16:41:40 paper_url_spider.py[line:151] DEBUG list index out of range
Wed, 03 May 2017 16:41:41 paper_url_spider.py[line:150] DEBUG 论文解析失败..
Wed, 03 May 2017 16:41:41 paper_url_spider.py[line:151] DEBUG list index out of range
Wed, 03 May 2017 16:41:41 paper_url_spider.py[line:150] DEBUG 论文解析失败..
Wed, 03 May 2017 16:41:41 paper_url_spider.py[line:151] DEBUG list index out of range
Wed, 03 May 2017 16:41:42 paper_url_spider.py[line:150] DEBUG 论文解析失败..
Wed, 03 May 2017 16:41:42 paper_url_spider.py[line:151] DEBUG list index out of range
Wed, 03 May 2017 16:41:42 paper_url_spider.py[line:150] DEBUG 论文解析失败..
Wed, 03 May 2017 16:41:42 paper_url_spider.py[line:151] DEBUG HTTPConnectionPool(host='180.105.170.92', port=8998): Max retries exceeded with url: http://d.wanfangdata.com.cn/Periodical/mssbyrgzn201606012 (Caused by ProxyError('Cannot connect to proxy.', NewConnectionError('<requests.packages.urllib3.connection.HTTPConnection object at 0x7f89909a82b0>: Failed to establish a new connection: [Errno 111] Connection refused',)))
Wed, 03 May 2017 16:41:42 paper_url_spider.py[line:150] DEBUG 论文解析失败..
Wed, 03 May 2017 16:41:42 paper_url_spider.py[line:151] DEBUG HTTPConnectionPool(host='180.105.170.92', port=8998): Max retries exceeded with url: http://d.wanfangdata.com.cn/Periodical/mssbyrgzn201512011 (Caused by ProxyError('Cannot connect to proxy.', NewConnectionError('<requests.packages.urllib3.connection.HTTPConnection object at 0x7f89909cf5c0>: Failed to establish a new connection: [Errno 111] Connection refused',)))
Wed, 03 May 2017 16:41:43 paper_url_spider.py[line:150] DEBUG 论文解析失败..
Wed, 03 May 2017 16:41:43 paper_url_spider.py[line:151] DEBUG list index out of range
Wed, 03 May 2017 16:41:43 paper_url_spider.py[line:150] DEBUG 论文解析失败..
Wed, 03 May 2017 16:41:43 paper_url_spider.py[line:151] DEBUG HTTPConnectionPool(host='180.105.170.92', port=8998): Max retries exceeded with url: http://d.wanfangdata.com.cn/Periodical/mssbyrgzn201512011 (Caused by ProxyError('Cannot connect to proxy.', NewConnectionError('<requests.packages.urllib3.connection.HTTPConnection object at 0x7f8990987c18>: Failed to establish a new connection: [Errno 111] Connection refused',)))
Wed, 03 May 2017 16:45:42 paper_url_spider.py[line:155] INFO 免费代理获取中  
这可能花费几分钟，请稍后...
Wed, 03 May 2017 16:46:52 paper_url_spider.py[line:155] INFO 免费代理获取中  
这可能花费几分钟，请稍后...
Wed, 03 May 2017 16:46:53 paper_url_spider.py[line:166] INFO 免费代理获取完毕，总共1条。
Wed, 03 May 2017 16:46:57 paper_url_spider.py[line:173] INFO 3774
Wed, 03 May 2017 16:47:00 paper_url_spider.py[line:217] DEBUG 'NoneType' object is not iterable
Wed, 03 May 2017 16:47:00 paper_url_spider.py[line:218] DEBUG 插入数据库失败...
Wed, 03 May 2017 16:47:03 paper_url_spider.py[line:217] DEBUG 'NoneType' object is not iterable
Wed, 03 May 2017 16:47:03 paper_url_spider.py[line:218] DEBUG 插入数据库失败...
Wed, 03 May 2017 16:47:04 paper_url_spider.py[line:217] DEBUG 'NoneType' object is not iterable
Wed, 03 May 2017 16:47:04 paper_url_spider.py[line:218] DEBUG 插入数据库失败...
Wed, 03 May 2017 16:47:05 paper_url_spider.py[line:217] DEBUG 'NoneType' object is not iterable
Wed, 03 May 2017 16:47:05 paper_url_spider.py[line:218] DEBUG 插入数据库失败...
Wed, 03 May 2017 16:47:05 paper_url_spider.py[line:150] DEBUG 论文解析失败..
Wed, 03 May 2017 16:47:05 paper_url_spider.py[line:151] DEBUG list index out of range
Wed, 03 May 2017 16:47:05 paper_url_spider.py[line:150] DEBUG 论文解析失败..
Wed, 03 May 2017 16:47:05 paper_url_spider.py[line:151] DEBUG list index out of range
Wed, 03 May 2017 16:47:05 paper_url_spider.py[line:150] DEBUG 论文解析失败..
Wed, 03 May 2017 16:47:05 paper_url_spider.py[line:151] DEBUG list index out of range
Wed, 03 May 2017 16:47:06 paper_url_spider.py[line:217] DEBUG 'NoneType' object is not iterable
Wed, 03 May 2017 16:47:06 paper_url_spider.py[line:218] DEBUG 插入数据库失败...
Wed, 03 May 2017 16:47:08 paper_url_spider.py[line:217] DEBUG 'NoneType' object is not iterable
Wed, 03 May 2017 16:47:08 paper_url_spider.py[line:218] DEBUG 插入数据库失败...
Wed, 03 May 2017 16:47:11 paper_url_spider.py[line:150] DEBUG 论文解析失败..
Wed, 03 May 2017 16:47:11 paper_url_spider.py[line:151] DEBUG list index out of range
Wed, 03 May 2017 16:47:11 paper_url_spider.py[line:150] DEBUG 论文解析失败..
Wed, 03 May 2017 16:47:11 paper_url_spider.py[line:151] DEBUG list index out of range
Wed, 03 May 2017 16:47:12 paper_url_spider.py[line:150] DEBUG 论文解析失败..
Wed, 03 May 2017 16:47:12 paper_url_spider.py[line:151] DEBUG list index out of range
Wed, 03 May 2017 16:47:12 paper_url_spider.py[line:150] DEBUG 论文解析失败..
Wed, 03 May 2017 16:47:12 paper_url_spider.py[line:151] DEBUG list index out of range
Wed, 03 May 2017 16:47:14 paper_url_spider.py[line:217] DEBUG 'NoneType' object is not iterable
Wed, 03 May 2017 16:47:14 paper_url_spider.py[line:218] DEBUG 插入数据库失败...
Wed, 03 May 2017 16:47:15 paper_url_spider.py[line:217] DEBUG 'NoneType' object is not iterable
Wed, 03 May 2017 16:47:15 paper_url_spider.py[line:218] DEBUG 插入数据库失败...
Wed, 03 May 2017 16:47:17 paper_url_spider.py[line:217] DEBUG 'NoneType' object is not iterable
Wed, 03 May 2017 16:47:17 paper_url_spider.py[line:218] DEBUG 插入数据库失败...
Wed, 03 May 2017 16:47:19 paper_url_spider.py[line:217] DEBUG 'NoneType' object is not iterable
Wed, 03 May 2017 16:47:19 paper_url_spider.py[line:218] DEBUG 插入数据库失败...
Wed, 03 May 2017 16:47:20 paper_url_spider.py[line:217] DEBUG 'NoneType' object is not iterable
Wed, 03 May 2017 16:47:20 paper_url_spider.py[line:218] DEBUG 插入数据库失败...
Wed, 03 May 2017 16:47:21 paper_url_spider.py[line:217] DEBUG 'NoneType' object is not iterable
Wed, 03 May 2017 16:47:21 paper_url_spider.py[line:218] DEBUG 插入数据库失败...
Wed, 03 May 2017 16:47:21 paper_url_spider.py[line:150] DEBUG 论文解析失败..
Wed, 03 May 2017 16:47:21 paper_url_spider.py[line:151] DEBUG list index out of range
Wed, 03 May 2017 16:47:21 paper_url_spider.py[line:150] DEBUG 论文解析失败..
Wed, 03 May 2017 16:47:21 paper_url_spider.py[line:151] DEBUG list index out of range
Wed, 03 May 2017 16:47:22 paper_url_spider.py[line:150] DEBUG 论文解析失败..
Wed, 03 May 2017 16:47:22 paper_url_spider.py[line:151] DEBUG list index out of range
Wed, 03 May 2017 16:47:23 paper_url_spider.py[line:217] DEBUG 'NoneType' object is not iterable
Wed, 03 May 2017 16:47:23 paper_url_spider.py[line:218] DEBUG 插入数据库失败...
Wed, 03 May 2017 16:47:24 paper_url_spider.py[line:217] DEBUG 'NoneType' object is not iterable
Wed, 03 May 2017 16:47:24 paper_url_spider.py[line:218] DEBUG 插入数据库失败...
Wed, 03 May 2017 16:47:25 paper_url_spider.py[line:150] DEBUG 论文解析失败..
Wed, 03 May 2017 16:47:25 paper_url_spider.py[line:151] DEBUG list index out of range
Wed, 03 May 2017 16:47:25 paper_url_spider.py[line:150] DEBUG 论文解析失败..
Wed, 03 May 2017 16:47:25 paper_url_spider.py[line:151] DEBUG list index out of range
Wed, 03 May 2017 16:47:25 paper_url_spider.py[line:150] DEBUG 论文解析失败..
Wed, 03 May 2017 16:47:25 paper_url_spider.py[line:151] DEBUG list index out of range
Wed, 03 May 2017 16:47:26 paper_url_spider.py[line:217] DEBUG 'NoneType' object is not iterable
Wed, 03 May 2017 16:47:26 paper_url_spider.py[line:218] DEBUG 插入数据库失败...
Wed, 03 May 2017 16:47:26 paper_url_spider.py[line:150] DEBUG 论文解析失败..
Wed, 03 May 2017 16:47:26 paper_url_spider.py[line:151] DEBUG list index out of range
Wed, 03 May 2017 16:47:27 paper_url_spider.py[line:217] DEBUG 'NoneType' object is not iterable
Wed, 03 May 2017 16:47:27 paper_url_spider.py[line:218] DEBUG 插入数据库失败...
Wed, 03 May 2017 16:47:30 paper_url_spider.py[line:217] DEBUG 'NoneType' object is not iterable
Wed, 03 May 2017 16:47:30 paper_url_spider.py[line:218] DEBUG 插入数据库失败...
Wed, 03 May 2017 16:47:31 paper_url_spider.py[line:150] DEBUG 论文解析失败..
Wed, 03 May 2017 16:47:31 paper_url_spider.py[line:151] DEBUG list index out of range
Wed, 03 May 2017 16:47:31 paper_url_spider.py[line:150] DEBUG 论文解析失败..
Wed, 03 May 2017 16:47:31 paper_url_spider.py[line:151] DEBUG list index out of range
Wed, 03 May 2017 16:47:31 paper_url_spider.py[line:150] DEBUG 论文解析失败..
Wed, 03 May 2017 16:47:31 paper_url_spider.py[line:151] DEBUG list index out of range
Wed, 03 May 2017 16:47:32 paper_url_spider.py[line:217] DEBUG 'NoneType' object is not iterable
Wed, 03 May 2017 16:47:32 paper_url_spider.py[line:218] DEBUG 插入数据库失败...
Wed, 03 May 2017 16:47:33 paper_url_spider.py[line:217] DEBUG 'NoneType' object is not iterable
Wed, 03 May 2017 16:47:33 paper_url_spider.py[line:218] DEBUG 插入数据库失败...
Wed, 03 May 2017 16:47:35 paper_url_spider.py[line:217] DEBUG 'NoneType' object is not iterable
Wed, 03 May 2017 16:47:35 paper_url_spider.py[line:218] DEBUG 插入数据库失败...
Wed, 03 May 2017 16:47:36 paper_url_spider.py[line:217] DEBUG 'NoneType' object is not iterable
Wed, 03 May 2017 16:47:36 paper_url_spider.py[line:218] DEBUG 插入数据库失败...
Wed, 03 May 2017 16:47:37 paper_url_spider.py[line:217] DEBUG 'NoneType' object is not iterable
Wed, 03 May 2017 16:47:37 paper_url_spider.py[line:218] DEBUG 插入数据库失败...
Wed, 03 May 2017 16:49:47 paper_url_spider.py[line:155] INFO 免费代理获取中  
这可能花费几分钟，请稍后...
Wed, 03 May 2017 16:49:48 paper_url_spider.py[line:166] INFO 免费代理获取完毕，总共1条。
Wed, 03 May 2017 16:49:51 paper_url_spider.py[line:173] INFO 21209
Wed, 03 May 2017 16:49:55 paper_url_spider.py[line:217] DEBUG 'NoneType' object is not iterable
Wed, 03 May 2017 16:49:55 paper_url_spider.py[line:218] DEBUG 插入数据库失败...
Wed, 03 May 2017 16:49:58 paper_url_spider.py[line:217] DEBUG 'NoneType' object is not iterable
Wed, 03 May 2017 16:49:58 paper_url_spider.py[line:218] DEBUG 插入数据库失败...
Wed, 03 May 2017 16:49:59 paper_url_spider.py[line:217] DEBUG 'NoneType' object is not iterable
Wed, 03 May 2017 16:49:59 paper_url_spider.py[line:218] DEBUG 插入数据库失败...
Wed, 03 May 2017 16:50:00 paper_url_spider.py[line:217] DEBUG 'NoneType' object is not iterable
Wed, 03 May 2017 16:50:00 paper_url_spider.py[line:218] DEBUG 插入数据库失败...
Wed, 03 May 2017 16:50:02 paper_url_spider.py[line:217] DEBUG 'NoneType' object is not iterable
Wed, 03 May 2017 16:50:02 paper_url_spider.py[line:218] DEBUG 插入数据库失败...
Wed, 03 May 2017 16:50:03 paper_url_spider.py[line:217] DEBUG 'NoneType' object is not iterable
Wed, 03 May 2017 16:50:03 paper_url_spider.py[line:218] DEBUG 插入数据库失败...
Wed, 03 May 2017 16:50:04 paper_url_spider.py[line:217] DEBUG 'NoneType' object is not iterable
Wed, 03 May 2017 16:50:04 paper_url_spider.py[line:218] DEBUG 插入数据库失败...
Wed, 03 May 2017 16:50:06 paper_url_spider.py[line:217] DEBUG 'NoneType' object is not iterable
Wed, 03 May 2017 16:50:06 paper_url_spider.py[line:218] DEBUG 插入数据库失败...
Wed, 03 May 2017 16:50:07 paper_url_spider.py[line:217] DEBUG 'NoneType' object is not iterable
Wed, 03 May 2017 16:50:07 paper_url_spider.py[line:218] DEBUG 插入数据库失败...
Wed, 03 May 2017 16:50:08 paper_url_spider.py[line:217] DEBUG 'NoneType' object is not iterable
Wed, 03 May 2017 16:50:08 paper_url_spider.py[line:218] DEBUG 插入数据库失败...
Wed, 03 May 2017 16:50:10 paper_url_spider.py[line:217] DEBUG 'NoneType' object is not iterable
Wed, 03 May 2017 16:50:10 paper_url_spider.py[line:218] DEBUG 插入数据库失败...
Wed, 03 May 2017 16:50:11 paper_url_spider.py[line:217] DEBUG 'NoneType' object is not iterable
Wed, 03 May 2017 16:50:11 paper_url_spider.py[line:218] DEBUG 插入数据库失败...
Wed, 03 May 2017 16:50:12 paper_url_spider.py[line:217] DEBUG 'NoneType' object is not iterable
Wed, 03 May 2017 16:50:12 paper_url_spider.py[line:218] DEBUG 插入数据库失败...
Wed, 03 May 2017 16:50:13 paper_url_spider.py[line:217] DEBUG 'NoneType' object is not iterable
Wed, 03 May 2017 16:50:13 paper_url_spider.py[line:218] DEBUG 插入数据库失败...
Wed, 03 May 2017 16:50:14 paper_url_spider.py[line:217] DEBUG 'NoneType' object is not iterable
Wed, 03 May 2017 16:50:14 paper_url_spider.py[line:218] DEBUG 插入数据库失败...
Wed, 03 May 2017 16:50:15 paper_url_spider.py[line:217] DEBUG 'NoneType' object is not iterable
Wed, 03 May 2017 16:50:15 paper_url_spider.py[line:218] DEBUG 插入数据库失败...
Wed, 03 May 2017 16:50:17 paper_url_spider.py[line:217] DEBUG 'NoneType' object is not iterable
Wed, 03 May 2017 16:50:17 paper_url_spider.py[line:218] DEBUG 插入数据库失败...
Wed, 03 May 2017 16:50:17 paper_url_spider.py[line:150] DEBUG 论文解析失败..
Wed, 03 May 2017 16:50:17 paper_url_spider.py[line:151] DEBUG list index out of range
Wed, 03 May 2017 16:50:20 paper_url_spider.py[line:217] DEBUG 'NoneType' object is not iterable
Wed, 03 May 2017 16:50:20 paper_url_spider.py[line:218] DEBUG 插入数据库失败...
Wed, 03 May 2017 16:50:22 paper_url_spider.py[line:217] DEBUG 'NoneType' object is not iterable
Wed, 03 May 2017 16:50:22 paper_url_spider.py[line:218] DEBUG 插入数据库失败...
Wed, 03 May 2017 16:50:23 paper_url_spider.py[line:217] DEBUG 'NoneType' object is not iterable
Wed, 03 May 2017 16:50:23 paper_url_spider.py[line:218] DEBUG 插入数据库失败...
Wed, 03 May 2017 16:50:29 paper_url_spider.py[line:150] DEBUG 论文解析失败..
Wed, 03 May 2017 16:50:29 paper_url_spider.py[line:151] DEBUG list index out of range
Wed, 03 May 2017 16:50:30 paper_url_spider.py[line:150] DEBUG 论文解析失败..
Wed, 03 May 2017 16:50:30 paper_url_spider.py[line:151] DEBUG list index out of range
Wed, 03 May 2017 16:50:32 paper_url_spider.py[line:150] DEBUG 论文解析失败..
Wed, 03 May 2017 16:50:32 paper_url_spider.py[line:151] DEBUG list index out of range
