Sun, 04 Jun 2017 11:06:36 patent_url_spider.py[line:138] INFO 21518
Sun, 04 Jun 2017 11:06:42 patent_url_spider.py[line:175] INFO title:一种在手机中使用的电话号码转换方法
Sun, 04 Jun 2017 11:06:43 patent_url_spider.py[line:175] INFO title:一种手机及其摄像处理方法
Sun, 04 Jun 2017 11:14:09 patent_url_spider.py[line:138] INFO 21518
Sun, 04 Jun 2017 11:14:15 patent_url_spider.py[line:175] INFO title:一种在手机中使用的电话号码转换方法
Sun, 04 Jun 2017 11:14:16 patent_url_spider.py[line:175] INFO title:一种手机及其摄像处理方法
Sun, 04 Jun 2017 11:14:17 patent_url_spider.py[line:175] INFO title:热处理炉的远距离手机无线监控装置和监控方法
Sun, 04 Jun 2017 11:14:18 patent_url_spider.py[line:175] INFO title:一种拨号方法、装置、手机及遥控器
Sun, 04 Jun 2017 11:14:19 patent_url_spider.py[line:175] INFO title:基于位置信息获取FM电台列表的方法及其手机
Sun, 04 Jun 2017 11:14:20 patent_url_spider.py[line:175] INFO title:手机充电器
Sun, 04 Jun 2017 11:14:21 patent_url_spider.py[line:175] INFO title:多功能运动手机手表
Sun, 04 Jun 2017 11:14:22 patent_url_spider.py[line:175] INFO title:手机电脑输入系统及输入方法
Sun, 04 Jun 2017 11:14:23 patent_url_spider.py[line:175] INFO title:具有防盗报警功能的手机
Sun, 04 Jun 2017 11:14:24 patent_url_spider.py[line:175] INFO title:一种带侧面微型显示屏的手机
Sun, 04 Jun 2017 11:14:25 patent_url_spider.py[line:175] INFO title:手机
Sun, 04 Jun 2017 11:14:26 patent_url_spider.py[line:175] INFO title:双层下滑键盘直板手机
Sun, 04 Jun 2017 11:14:27 patent_url_spider.py[line:175] INFO title:手机
Sun, 04 Jun 2017 11:14:28 patent_url_spider.py[line:175] INFO title:一种大景深手机摄像装置
Sun, 04 Jun 2017 11:14:29 patent_url_spider.py[line:175] INFO title:手机移动电源
Sun, 04 Jun 2017 11:14:30 patent_url_spider.py[line:175] INFO title:一种手机及其电平转换电路
Sun, 04 Jun 2017 11:14:31 patent_url_spider.py[line:175] INFO title:一种手机挂件
Sun, 04 Jun 2017 11:14:32 patent_url_spider.py[line:175] INFO title:自行车手机支架（GPH-1010）
Sun, 04 Jun 2017 11:14:33 patent_url_spider.py[line:175] INFO title:具有外壳天线的手机
Sun, 04 Jun 2017 11:14:34 patent_url_spider.py[line:175] INFO title:带有支撑结构的手机
Sun, 04 Jun 2017 11:14:35 patent_url_spider.py[line:175] INFO title:具有金属探测功能的手机
Sun, 04 Jun 2017 11:14:36 patent_url_spider.py[line:175] INFO title:带局域交友功能的手机
Sun, 04 Jun 2017 11:14:37 patent_url_spider.py[line:175] INFO title:具有外壳天线的手机
Sun, 04 Jun 2017 11:14:38 patent_url_spider.py[line:175] INFO title:手机
Sun, 04 Jun 2017 11:14:39 patent_url_spider.py[line:175] INFO title:带有螺旋式破窗锤头的手机
Sun, 04 Jun 2017 11:14:40 patent_url_spider.py[line:175] INFO title:带有小型钻头的手机
Sun, 04 Jun 2017 11:14:41 patent_url_spider.py[line:175] INFO title:对来电号码具有隐蔽功能的手机
Sun, 04 Jun 2017 11:14:42 patent_url_spider.py[line:175] INFO title:带有螺旋式破窗锤头的手机
Sun, 04 Jun 2017 11:14:43 patent_url_spider.py[line:175] INFO title:带有小型钻头的手机
Sun, 04 Jun 2017 11:14:44 patent_url_spider.py[line:175] INFO title:对来电号码具有隐蔽功能的手机
Sun, 04 Jun 2017 11:14:45 patent_url_spider.py[line:175] INFO title:手机
Sun, 04 Jun 2017 11:14:46 patent_url_spider.py[line:175] INFO title:带局域交友功能的手机
Sun, 04 Jun 2017 11:14:47 patent_url_spider.py[line:175] INFO title:带有支撑结构的手机
Sun, 04 Jun 2017 11:14:48 patent_url_spider.py[line:175] INFO title:具有金属探测功能的手机
Sun, 04 Jun 2017 11:14:49 patent_url_spider.py[line:175] INFO title:一种手机防辐射护套
Sun, 04 Jun 2017 11:14:50 patent_url_spider.py[line:175] INFO title:一种用于改善手机拍照效果的装置
Sun, 04 Jun 2017 11:14:51 patent_url_spider.py[line:175] INFO title:具有打印功能的手机
Sun, 04 Jun 2017 11:14:52 patent_url_spider.py[line:175] INFO title:具有鱼类探测功能的手机
Sun, 04 Jun 2017 11:14:53 patent_url_spider.py[line:175] INFO title:防窥视手机
Sun, 04 Jun 2017 11:14:54 patent_url_spider.py[line:175] INFO title:一种双键盘手机
Sun, 04 Jun 2017 11:14:55 patent_url_spider.py[line:175] INFO title:手机蓝牙装置
Sun, 04 Jun 2017 11:14:56 patent_url_spider.py[line:175] INFO title:一种具有发报功能的手机
Sun, 04 Jun 2017 11:14:57 patent_url_spider.py[line:175] INFO title:具有自动充电功能的手机
Sun, 04 Jun 2017 11:14:58 patent_url_spider.py[line:175] INFO title:具有厚度测量功能的手机
Sun, 04 Jun 2017 11:14:59 patent_url_spider.py[line:175] INFO title:空调温湿度控制手机
Sun, 04 Jun 2017 11:15:00 patent_url_spider.py[line:183] DEBUG batch op errors occurred
Sun, 04 Jun 2017 11:15:00 patent_url_spider.py[line:184] DEBUG 插入数据库失败...
Sun, 04 Jun 2017 11:15:09 patent_url_spider.py[line:175] INFO title:LCD感应手机
Sun, 04 Jun 2017 11:15:10 patent_url_spider.py[line:175] INFO title:手机中的电磁屏蔽结构
Sun, 04 Jun 2017 11:15:11 patent_url_spider.py[line:175] INFO title:遥控器手机
Sun, 04 Jun 2017 11:15:12 patent_url_spider.py[line:175] INFO title:井式渗碳炉的手机无线监控装置及其监控方法
Sun, 04 Jun 2017 11:15:13 patent_url_spider.py[line:175] INFO title:手机转轴
Sun, 04 Jun 2017 11:15:14 patent_url_spider.py[line:175] INFO title:基于蓝牙的手机和车载设备的协同处理系统
Sun, 04 Jun 2017 11:15:15 patent_url_spider.py[line:175] INFO title:手机
Sun, 04 Jun 2017 11:15:16 patent_url_spider.py[line:175] INFO title:可弹钢琴的手机
Sun, 04 Jun 2017 11:15:17 patent_url_spider.py[line:175] INFO title:具有眼角膜识别功能的手机
Sun, 04 Jun 2017 11:15:18 patent_url_spider.py[line:175] INFO title:基于音频的隐私保护手机
Sun, 04 Jun 2017 11:15:19 patent_url_spider.py[line:175] INFO title:手机消毒盒
Sun, 04 Jun 2017 11:15:20 patent_url_spider.py[line:175] INFO title:一种手机外壳及手机
Sun, 04 Jun 2017 11:15:21 patent_url_spider.py[line:175] INFO title:具有报警功能的手机
Sun, 04 Jun 2017 11:15:22 patent_url_spider.py[line:175] INFO title:可调节震动的手机
Sun, 04 Jun 2017 11:15:23 patent_url_spider.py[line:175] INFO title:带有翻转镜头的手机
Sun, 04 Jun 2017 11:15:24 patent_url_spider.py[line:175] INFO title:带有转轴式破窗锤头的手机
Sun, 04 Jun 2017 11:15:25 patent_url_spider.py[line:175] INFO title:会变色的手机
Sun, 04 Jun 2017 11:15:26 patent_url_spider.py[line:175] INFO title:具有门禁卡功能的手机
Sun, 04 Jun 2017 11:15:27 patent_url_spider.py[line:175] INFO title:手机电脑输入系统
Sun, 04 Jun 2017 11:15:28 patent_url_spider.py[line:175] INFO title:具有对输入文字有记忆能力的手机
Sun, 04 Jun 2017 11:15:29 patent_url_spider.py[line:175] INFO title:一种手机
Sun, 04 Jun 2017 11:15:30 patent_url_spider.py[line:175] INFO title:可定制锁屏界面的手机
Sun, 04 Jun 2017 11:15:31 patent_url_spider.py[line:175] INFO title:盲人导航手机
Sun, 04 Jun 2017 11:15:32 patent_url_spider.py[line:175] INFO title:一种蓝牙耳机和手机
Sun, 04 Jun 2017 11:15:33 patent_url_spider.py[line:175] INFO title:手机键盘灯和充电指示灯共用的控制电路
Sun, 04 Jun 2017 11:15:34 patent_url_spider.py[line:175] INFO title:具有点钞功能的手机
Sun, 04 Jun 2017 11:15:35 patent_url_spider.py[line:175] INFO title:盲人专用感应发音手机
Sun, 04 Jun 2017 11:15:36 patent_url_spider.py[line:175] INFO title:角度测量手机
Sun, 04 Jun 2017 11:15:37 patent_url_spider.py[line:175] INFO title:用于手机的发光灯灯光侧传导结构
Sun, 04 Jun 2017 11:15:38 patent_url_spider.py[line:175] INFO title:手机外壳和手机
Sun, 04 Jun 2017 11:15:39 patent_url_spider.py[line:175] INFO title:一种手机
Sun, 04 Jun 2017 11:15:40 patent_url_spider.py[line:175] INFO title:智能地震报警手机
Sun, 04 Jun 2017 11:15:41 patent_url_spider.py[line:175] INFO title:快速编辑文本的手机
Sun, 04 Jun 2017 11:15:42 patent_url_spider.py[line:175] INFO title:一种多功能手机
Sun, 04 Jun 2017 11:15:43 patent_url_spider.py[line:175] INFO title:双层下滑键盘直板手机
Sun, 04 Jun 2017 11:15:44 patent_url_spider.py[line:175] INFO title:基于蓝牙的手机和车载设备的协同处理方法和系统
Sun, 04 Jun 2017 11:15:45 patent_url_spider.py[line:175] INFO title:手机
Sun, 04 Jun 2017 11:15:46 patent_url_spider.py[line:175] INFO title:手机中的电磁屏蔽结构
Sun, 04 Jun 2017 11:15:47 patent_url_spider.py[line:175] INFO title:一种显示器手机
Sun, 04 Jun 2017 11:15:48 patent_url_spider.py[line:175] INFO title:手机
Sun, 04 Jun 2017 11:15:49 patent_url_spider.py[line:175] INFO title:用于手机的发光灯灯光侧传导结构
Sun, 04 Jun 2017 11:21:08 patent_url_spider.py[line:138] INFO 21518
Sun, 04 Jun 2017 11:21:17 patent_url_spider.py[line:175] INFO title:一种在手机中使用的电话号码转换方法
Sun, 04 Jun 2017 11:21:18 patent_url_spider.py[line:175] INFO title:一种手机及其摄像处理方法
Sun, 04 Jun 2017 11:21:19 patent_url_spider.py[line:175] INFO title:热处理炉的远距离手机无线监控装置和监控方法
Sun, 04 Jun 2017 11:21:20 patent_url_spider.py[line:175] INFO title:一种拨号方法、装置、手机及遥控器
Sun, 04 Jun 2017 11:21:21 patent_url_spider.py[line:175] INFO title:基于位置信息获取FM电台列表的方法及其手机
Sun, 04 Jun 2017 11:21:22 patent_url_spider.py[line:175] INFO title:手机充电器
Sun, 04 Jun 2017 11:21:23 patent_url_spider.py[line:175] INFO title:多功能运动手机手表
Sun, 04 Jun 2017 11:21:24 patent_url_spider.py[line:175] INFO title:手机电脑输入系统及输入方法
Sun, 04 Jun 2017 11:21:25 patent_url_spider.py[line:175] INFO title:具有防盗报警功能的手机
Sun, 04 Jun 2017 11:21:26 patent_url_spider.py[line:175] INFO title:一种带侧面微型显示屏的手机
Sun, 04 Jun 2017 11:21:27 patent_url_spider.py[line:175] INFO title:手机
Sun, 04 Jun 2017 11:23:20 patent_url_spider.py[line:138] INFO 21518
Sun, 04 Jun 2017 11:23:26 patent_url_spider.py[line:175] INFO title:一种在手机中使用的电话号码转换方法
Sun, 04 Jun 2017 11:23:27 patent_url_spider.py[line:175] INFO title:一种手机及其摄像处理方法
Sun, 04 Jun 2017 11:23:28 patent_url_spider.py[line:175] INFO title:热处理炉的远距离手机无线监控装置和监控方法
Sun, 04 Jun 2017 11:23:29 patent_url_spider.py[line:175] INFO title:一种拨号方法、装置、手机及遥控器
Sun, 04 Jun 2017 11:23:30 patent_url_spider.py[line:175] INFO title:基于位置信息获取FM电台列表的方法及其手机
Sun, 04 Jun 2017 11:23:31 patent_url_spider.py[line:175] INFO title:手机充电器
Sun, 04 Jun 2017 11:23:32 patent_url_spider.py[line:175] INFO title:多功能运动手机手表
Sun, 04 Jun 2017 11:23:33 patent_url_spider.py[line:175] INFO title:手机电脑输入系统及输入方法
Sun, 04 Jun 2017 11:23:34 patent_url_spider.py[line:175] INFO title:具有防盗报警功能的手机
Sun, 04 Jun 2017 11:23:35 patent_url_spider.py[line:175] INFO title:一种带侧面微型显示屏的手机
Sun, 04 Jun 2017 11:23:36 patent_url_spider.py[line:175] INFO title:手机
Sun, 04 Jun 2017 11:23:37 patent_url_spider.py[line:175] INFO title:双层下滑键盘直板手机
Sun, 04 Jun 2017 11:23:38 patent_url_spider.py[line:175] INFO title:手机
Sun, 04 Jun 2017 11:23:39 patent_url_spider.py[line:175] INFO title:一种大景深手机摄像装置
Sun, 04 Jun 2017 11:23:40 patent_url_spider.py[line:175] INFO title:手机移动电源
Sun, 04 Jun 2017 11:23:41 patent_url_spider.py[line:175] INFO title:一种手机及其电平转换电路
Sun, 04 Jun 2017 11:23:42 patent_url_spider.py[line:175] INFO title:一种手机挂件
Sun, 04 Jun 2017 11:23:43 patent_url_spider.py[line:175] INFO title:自行车手机支架（GPH-1010）
Sun, 04 Jun 2017 11:23:44 patent_url_spider.py[line:175] INFO title:具有外壳天线的手机
Sun, 04 Jun 2017 11:23:45 patent_url_spider.py[line:175] INFO title:带有支撑结构的手机
Sun, 04 Jun 2017 11:23:46 patent_url_spider.py[line:175] INFO title:具有金属探测功能的手机
Sun, 04 Jun 2017 11:23:47 patent_url_spider.py[line:175] INFO title:带局域交友功能的手机
Sun, 04 Jun 2017 11:23:48 patent_url_spider.py[line:175] INFO title:具有外壳天线的手机
Sun, 04 Jun 2017 11:23:49 patent_url_spider.py[line:175] INFO title:手机
Sun, 04 Jun 2017 11:23:50 patent_url_spider.py[line:175] INFO title:带有螺旋式破窗锤头的手机
Sun, 04 Jun 2017 11:23:51 patent_url_spider.py[line:175] INFO title:带有小型钻头的手机
Sun, 04 Jun 2017 11:23:52 patent_url_spider.py[line:175] INFO title:对来电号码具有隐蔽功能的手机
Sun, 04 Jun 2017 11:23:53 patent_url_spider.py[line:175] INFO title:带有螺旋式破窗锤头的手机
Sun, 04 Jun 2017 11:23:54 patent_url_spider.py[line:175] INFO title:带有小型钻头的手机
Sun, 04 Jun 2017 11:23:55 patent_url_spider.py[line:175] INFO title:对来电号码具有隐蔽功能的手机
Sun, 04 Jun 2017 11:28:25 patent_url_spider.py[line:139] INFO 21518
Sun, 04 Jun 2017 11:28:31 patent_url_spider.py[line:176] INFO title:一种在手机中使用的电话号码转换方法
Sun, 04 Jun 2017 11:28:32 patent_url_spider.py[line:176] INFO title:一种手机及其摄像处理方法
Sun, 04 Jun 2017 11:28:33 patent_url_spider.py[line:176] INFO title:热处理炉的远距离手机无线监控装置和监控方法
Sun, 04 Jun 2017 11:28:34 patent_url_spider.py[line:176] INFO title:一种拨号方法、装置、手机及遥控器
Sun, 04 Jun 2017 11:28:35 patent_url_spider.py[line:176] INFO title:基于位置信息获取FM电台列表的方法及其手机
Sun, 04 Jun 2017 11:28:36 patent_url_spider.py[line:176] INFO title:手机充电器
Sun, 04 Jun 2017 11:28:37 patent_url_spider.py[line:176] INFO title:多功能运动手机手表
Sun, 04 Jun 2017 11:28:38 patent_url_spider.py[line:176] INFO title:手机电脑输入系统及输入方法
Sun, 04 Jun 2017 11:28:39 patent_url_spider.py[line:176] INFO title:具有防盗报警功能的手机
Sun, 04 Jun 2017 11:28:40 patent_url_spider.py[line:176] INFO title:一种带侧面微型显示屏的手机
Sun, 04 Jun 2017 11:28:41 patent_url_spider.py[line:176] INFO title:手机
Sun, 04 Jun 2017 11:28:42 patent_url_spider.py[line:176] INFO title:双层下滑键盘直板手机
Sun, 04 Jun 2017 11:28:44 patent_url_spider.py[line:176] INFO title:手机
Sun, 04 Jun 2017 11:28:45 patent_url_spider.py[line:176] INFO title:一种大景深手机摄像装置
Sun, 04 Jun 2017 11:28:46 patent_url_spider.py[line:176] INFO title:手机移动电源
Sun, 04 Jun 2017 11:28:47 patent_url_spider.py[line:176] INFO title:一种手机及其电平转换电路
Sun, 04 Jun 2017 11:28:48 patent_url_spider.py[line:176] INFO title:一种手机挂件
Sun, 04 Jun 2017 11:28:49 patent_url_spider.py[line:176] INFO title:自行车手机支架（GPH-1010）
Sun, 04 Jun 2017 11:28:50 patent_url_spider.py[line:176] INFO title:具有外壳天线的手机
Sun, 04 Jun 2017 11:28:51 patent_url_spider.py[line:176] INFO title:带有支撑结构的手机
Sun, 04 Jun 2017 11:28:52 patent_url_spider.py[line:176] INFO title:具有金属探测功能的手机
Sun, 04 Jun 2017 11:28:53 patent_url_spider.py[line:176] INFO title:带局域交友功能的手机
Sun, 04 Jun 2017 11:28:54 patent_url_spider.py[line:176] INFO title:具有外壳天线的手机
Sun, 04 Jun 2017 11:28:55 patent_url_spider.py[line:176] INFO title:手机
Sun, 04 Jun 2017 11:28:56 patent_url_spider.py[line:176] INFO title:带有螺旋式破窗锤头的手机
Sun, 04 Jun 2017 11:28:57 patent_url_spider.py[line:176] INFO title:带有小型钻头的手机
Sun, 04 Jun 2017 11:28:58 patent_url_spider.py[line:176] INFO title:对来电号码具有隐蔽功能的手机
Sun, 04 Jun 2017 11:28:59 patent_url_spider.py[line:176] INFO title:带有螺旋式破窗锤头的手机
Sun, 04 Jun 2017 11:29:00 patent_url_spider.py[line:176] INFO title:带有小型钻头的手机
Sun, 04 Jun 2017 11:29:01 patent_url_spider.py[line:176] INFO title:对来电号码具有隐蔽功能的手机
Sun, 04 Jun 2017 11:29:02 patent_url_spider.py[line:176] INFO title:手机
Sun, 04 Jun 2017 11:29:03 patent_url_spider.py[line:176] INFO title:带局域交友功能的手机
Sun, 04 Jun 2017 11:29:04 patent_url_spider.py[line:176] INFO title:带有支撑结构的手机
Sun, 04 Jun 2017 11:29:05 patent_url_spider.py[line:176] INFO title:具有金属探测功能的手机
Sun, 04 Jun 2017 11:29:06 patent_url_spider.py[line:176] INFO title:一种手机防辐射护套
Sun, 04 Jun 2017 11:29:07 patent_url_spider.py[line:176] INFO title:一种用于改善手机拍照效果的装置
Sun, 04 Jun 2017 11:29:08 patent_url_spider.py[line:176] INFO title:具有打印功能的手机
Sun, 04 Jun 2017 11:29:09 patent_url_spider.py[line:176] INFO title:具有鱼类探测功能的手机
Sun, 04 Jun 2017 11:29:10 patent_url_spider.py[line:176] INFO title:防窥视手机
Sun, 04 Jun 2017 11:29:11 patent_url_spider.py[line:176] INFO title:一种双键盘手机
Sun, 04 Jun 2017 11:29:12 patent_url_spider.py[line:176] INFO title:手机蓝牙装置
Sun, 04 Jun 2017 11:29:13 patent_url_spider.py[line:176] INFO title:一种具有发报功能的手机
Sun, 04 Jun 2017 11:29:14 patent_url_spider.py[line:176] INFO title:具有自动充电功能的手机
Sun, 04 Jun 2017 11:29:15 patent_url_spider.py[line:176] INFO title:具有厚度测量功能的手机
Sun, 04 Jun 2017 11:29:16 patent_url_spider.py[line:176] INFO title:空调温湿度控制手机
Sun, 04 Jun 2017 11:30:00 patent_url_spider.py[line:140] INFO 21518
Sun, 04 Jun 2017 11:30:06 patent_url_spider.py[line:177] INFO title:一种在手机中使用的电话号码转换方法
Sun, 04 Jun 2017 11:30:07 patent_url_spider.py[line:177] INFO title:一种手机及其摄像处理方法
Sun, 04 Jun 2017 11:30:08 patent_url_spider.py[line:177] INFO title:热处理炉的远距离手机无线监控装置和监控方法
Sun, 04 Jun 2017 11:30:09 patent_url_spider.py[line:177] INFO title:一种拨号方法、装置、手机及遥控器
Sun, 04 Jun 2017 11:30:10 patent_url_spider.py[line:177] INFO title:基于位置信息获取FM电台列表的方法及其手机
Sun, 04 Jun 2017 11:30:11 patent_url_spider.py[line:177] INFO title:手机充电器
Sun, 04 Jun 2017 11:30:12 patent_url_spider.py[line:177] INFO title:多功能运动手机手表
Sun, 04 Jun 2017 11:30:13 patent_url_spider.py[line:177] INFO title:手机电脑输入系统及输入方法
Sun, 04 Jun 2017 11:30:14 patent_url_spider.py[line:177] INFO title:具有防盗报警功能的手机
Sun, 04 Jun 2017 11:30:15 patent_url_spider.py[line:177] INFO title:一种带侧面微型显示屏的手机
Sun, 04 Jun 2017 11:30:16 patent_url_spider.py[line:177] INFO title:手机
Sun, 04 Jun 2017 11:30:17 patent_url_spider.py[line:177] INFO title:双层下滑键盘直板手机
Sun, 04 Jun 2017 11:30:18 patent_url_spider.py[line:177] INFO title:手机
Sun, 04 Jun 2017 11:30:19 patent_url_spider.py[line:177] INFO title:一种大景深手机摄像装置
Sun, 04 Jun 2017 11:30:20 patent_url_spider.py[line:177] INFO title:手机移动电源
Sun, 04 Jun 2017 11:30:21 patent_url_spider.py[line:177] INFO title:一种手机及其电平转换电路
Sun, 04 Jun 2017 11:30:22 patent_url_spider.py[line:177] INFO title:一种手机挂件
Sun, 04 Jun 2017 11:30:23 patent_url_spider.py[line:177] INFO title:自行车手机支架（GPH-1010）
Sun, 04 Jun 2017 11:30:24 patent_url_spider.py[line:177] INFO title:具有外壳天线的手机
Sun, 04 Jun 2017 11:30:25 patent_url_spider.py[line:177] INFO title:带有支撑结构的手机
Sun, 04 Jun 2017 11:30:26 patent_url_spider.py[line:177] INFO title:具有金属探测功能的手机
Sun, 04 Jun 2017 11:30:27 patent_url_spider.py[line:177] INFO title:带局域交友功能的手机
Sun, 04 Jun 2017 11:30:28 patent_url_spider.py[line:177] INFO title:具有外壳天线的手机
Sun, 04 Jun 2017 11:30:29 patent_url_spider.py[line:177] INFO title:手机
Sun, 04 Jun 2017 11:30:30 patent_url_spider.py[line:177] INFO title:带有螺旋式破窗锤头的手机
Sun, 04 Jun 2017 11:30:31 patent_url_spider.py[line:177] INFO title:带有小型钻头的手机
Sun, 04 Jun 2017 11:30:32 patent_url_spider.py[line:177] INFO title:对来电号码具有隐蔽功能的手机
Sun, 04 Jun 2017 11:30:33 patent_url_spider.py[line:177] INFO title:带有螺旋式破窗锤头的手机
Sun, 04 Jun 2017 11:30:34 patent_url_spider.py[line:177] INFO title:带有小型钻头的手机
Sun, 04 Jun 2017 11:30:35 patent_url_spider.py[line:177] INFO title:对来电号码具有隐蔽功能的手机
Sun, 04 Jun 2017 11:30:36 patent_url_spider.py[line:177] INFO title:手机
Sun, 04 Jun 2017 11:30:37 patent_url_spider.py[line:177] INFO title:带局域交友功能的手机
Sun, 04 Jun 2017 11:30:38 patent_url_spider.py[line:177] INFO title:带有支撑结构的手机
Sun, 04 Jun 2017 11:30:39 patent_url_spider.py[line:177] INFO title:具有金属探测功能的手机
Sun, 04 Jun 2017 11:30:40 patent_url_spider.py[line:177] INFO title:一种手机防辐射护套
Sun, 04 Jun 2017 11:30:41 patent_url_spider.py[line:177] INFO title:一种用于改善手机拍照效果的装置
Sun, 04 Jun 2017 11:30:42 patent_url_spider.py[line:177] INFO title:具有打印功能的手机
Sun, 04 Jun 2017 11:30:43 patent_url_spider.py[line:177] INFO title:具有鱼类探测功能的手机
Sun, 04 Jun 2017 11:30:44 patent_url_spider.py[line:177] INFO title:防窥视手机
Sun, 04 Jun 2017 11:30:45 patent_url_spider.py[line:177] INFO title:一种双键盘手机
Sun, 04 Jun 2017 11:30:46 patent_url_spider.py[line:177] INFO title:手机蓝牙装置
Sun, 04 Jun 2017 11:30:47 patent_url_spider.py[line:177] INFO title:一种具有发报功能的手机
Sun, 04 Jun 2017 11:30:48 patent_url_spider.py[line:177] INFO title:具有自动充电功能的手机
Sun, 04 Jun 2017 11:30:49 patent_url_spider.py[line:177] INFO title:具有厚度测量功能的手机
Sun, 04 Jun 2017 11:30:50 patent_url_spider.py[line:177] INFO title:空调温湿度控制手机
Sun, 04 Jun 2017 11:30:51 patent_url_spider.py[line:185] DEBUG batch op errors occurred
Sun, 04 Jun 2017 11:30:51 patent_url_spider.py[line:186] DEBUG 插入数据库失败...
Sun, 04 Jun 2017 11:31:01 patent_url_spider.py[line:177] INFO title:LCD感应手机
Sun, 04 Jun 2017 11:31:02 patent_url_spider.py[line:177] INFO title:手机中的电磁屏蔽结构
Sun, 04 Jun 2017 11:31:03 patent_url_spider.py[line:177] INFO title:遥控器手机
Sun, 04 Jun 2017 11:31:04 patent_url_spider.py[line:177] INFO title:井式渗碳炉的手机无线监控装置及其监控方法
Sun, 04 Jun 2017 11:31:05 patent_url_spider.py[line:177] INFO title:手机转轴
Sun, 04 Jun 2017 11:31:06 patent_url_spider.py[line:177] INFO title:基于蓝牙的手机和车载设备的协同处理系统
Sun, 04 Jun 2017 11:31:07 patent_url_spider.py[line:177] INFO title:手机
Sun, 04 Jun 2017 11:31:08 patent_url_spider.py[line:177] INFO title:可弹钢琴的手机
Sun, 04 Jun 2017 11:31:09 patent_url_spider.py[line:177] INFO title:具有眼角膜识别功能的手机
Sun, 04 Jun 2017 11:31:10 patent_url_spider.py[line:177] INFO title:基于音频的隐私保护手机
Sun, 04 Jun 2017 11:31:11 patent_url_spider.py[line:177] INFO title:手机消毒盒
Sun, 04 Jun 2017 11:31:12 patent_url_spider.py[line:177] INFO title:一种手机外壳及手机
Sun, 04 Jun 2017 11:31:13 patent_url_spider.py[line:177] INFO title:具有报警功能的手机
Sun, 04 Jun 2017 11:31:14 patent_url_spider.py[line:177] INFO title:可调节震动的手机
Sun, 04 Jun 2017 11:31:15 patent_url_spider.py[line:177] INFO title:带有翻转镜头的手机
Sun, 04 Jun 2017 11:31:16 patent_url_spider.py[line:177] INFO title:带有转轴式破窗锤头的手机
Sun, 04 Jun 2017 11:31:17 patent_url_spider.py[line:177] INFO title:会变色的手机
