Mon, 05 Jun 2017 15:14:27 video_url_spider.py[line:204] INFO 敢死队:bilibili
Mon, 05 Jun 2017 15:14:27 video_url_spider.py[line:30] INFO target site:bilibili, spider begin...
Mon, 05 Jun 2017 15:14:29 iqiyi.py[line:92] DEBUG insertDocument :: caused by :: 11000 E11000 duplicate key error index: video.urlinfo.$videoname_1  dup key: { : "环太平洋敢死队" }
Mon, 05 Jun 2017 15:14:31 iqiyi.py[line:92] DEBUG insertDocument :: caused by :: 11000 E11000 duplicate key error index: video.urlinfo.$videoname_1  dup key: { : "【monsterhigh】怪物高中动画-捉鬼敢死队" }
Mon, 05 Jun 2017 15:14:32 iqiyi.py[line:92] DEBUG insertDocument :: caused by :: 11000 E11000 duplicate key error index: video.urlinfo.$videoname_1  dup key: { : "极限运动之美【红牛敢死队】【搬运】" }
Mon, 05 Jun 2017 15:14:33 iqiyi.py[line:92] DEBUG insertDocument :: caused by :: 11000 E11000 duplicate key error index: video.urlinfo.$videoname_1  dup key: { : "5新进冲锋敢死队" }
Mon, 05 Jun 2017 15:14:35 iqiyi.py[line:92] DEBUG insertDocument :: caused by :: 11000 E11000 duplicate key error index: video.urlinfo.$videoname_1  dup key: { : "《敢死队3 / The Expendables 3》1080P预告片" }
Mon, 05 Jun 2017 15:14:37 iqiyi.py[line:92] DEBUG insertDocument :: caused by :: 11000 E11000 duplicate key error index: video.urlinfo.$videoname_1  dup key: { : "《敢死队2 / The Expendables 2》1080P预告片" }
Mon, 05 Jun 2017 15:14:38 iqiyi.py[line:92] DEBUG insertDocument :: caused by :: 11000 E11000 duplicate key error index: video.urlinfo.$videoname_1  dup key: { : "《敢死队2 / The Expendables 2》1080P预告片(2)" }
Mon, 05 Jun 2017 15:14:39 iqiyi.py[line:92] DEBUG insertDocument :: caused by :: 11000 E11000 duplicate key error index: video.urlinfo.$videoname_1  dup key: { : "【Artifex】乐高 71228 维度次元 捉鬼敢死队 升级包" }
Mon, 05 Jun 2017 15:14:42 iqiyi.py[line:92] DEBUG insertDocument :: caused by :: 11000 E11000 duplicate key error index: video.urlinfo.$videoname_1  dup key: { : "【辣鸡de剪辑】敢死队and速6燃向混剪" }
Mon, 05 Jun 2017 15:14:48 iqiyi.py[line:92] DEBUG insertDocument :: caused by :: 11000 E11000 duplicate key error index: video.urlinfo.$videoname_1  dup key: { : "[RTL-CBS] 红牛敢死队 极限运动集锦2015 EP.07 英语中字" }
Mon, 05 Jun 2017 15:15:09 iqiyi.py[line:92] DEBUG insertDocument :: caused by :: 11000 E11000 duplicate key error index: video.urlinfo.$videoname_1  dup key: { : "超酷蒙古敢死队，古代骑兵。" }
Mon, 05 Jun 2017 15:15:10 iqiyi.py[line:92] DEBUG insertDocument :: caused by :: 11000 E11000 duplicate key error index: video.urlinfo.$videoname_1  dup key: { : "【Artifex】乐高 71233 维度次元 捉鬼敢死队 棉花糖鬼" }
Mon, 05 Jun 2017 15:16:32 iqiyi.py[line:92] DEBUG insertDocument :: caused by :: 11000 E11000 duplicate key error index: video.urlinfo.$videoname_1  dup key: { : "【单板滑雪】红牛敢死队挑战魁北克城市中超级地形" }
Mon, 05 Jun 2017 15:17:09 iqiyi.py[line:92] DEBUG insertDocument :: caused by :: 11000 E11000 duplicate key error index: video.urlinfo.$videoname_1  dup key: { : "盟军敢死队2 套神高级通用战术 蓝光分离式" }
Mon, 05 Jun 2017 15:17:11 iqiyi.py[line:92] DEBUG insertDocument :: caused by :: 11000 E11000 duplicate key error index: video.urlinfo.$videoname_1  dup key: { : "XDubai敢死队新作 身着翼装在迪拜的楼宇之间穿梭" }
Mon, 05 Jun 2017 15:17:14 iqiyi.py[line:92] DEBUG insertDocument :: caused by :: 11000 E11000 duplicate key error index: video.urlinfo.$videoname_1  dup key: { : "【中字】《敢死队3》发布正式预告 阵容态度任务全面升级" }
Mon, 05 Jun 2017 15:17:15 iqiyi.py[line:92] DEBUG insertDocument :: caused by :: 11000 E11000 duplicate key error index: video.urlinfo.$videoname_1  dup key: { : "女版《捉鬼敢死队》曝光正式预告 @柚子木字幕组" }
Mon, 05 Jun 2017 15:17:16 iqiyi.py[line:92] DEBUG insertDocument :: caused by :: 11000 E11000 duplicate key error index: video.urlinfo.$videoname_1  dup key: { : "盟军敢死队2 P4 疯狂坦克 水鬼绝学之吐槽" }
Mon, 05 Jun 2017 15:17:17 iqiyi.py[line:92] DEBUG insertDocument :: caused by :: 11000 E11000 duplicate key error index: video.urlinfo.$videoname_1  dup key: { : "【预告】经典系列回归！新版《捉鬼敢死队》抢先高清预告【BtoZmovie】" }
Mon, 05 Jun 2017 15:17:18 iqiyi.py[line:92] DEBUG insertDocument :: caused by :: 11000 E11000 duplicate key error index: video.urlinfo.$videoname_1  dup key: { : "【Artifex】乐高 71233 维度次元 捉鬼敢死队 棉花糖鬼" }
Mon, 05 Jun 2017 15:17:19 iqiyi.py[line:92] DEBUG insertDocument :: caused by :: 11000 E11000 duplicate key error index: video.urlinfo.$videoname_1  dup key: { : "Cold Steel 美国冷钢 大号伊斯巴达折刀测试 史泰龙《敢死队》同款" }
Mon, 05 Jun 2017 15:17:20 iqiyi.py[line:92] DEBUG insertDocument :: caused by :: 11000 E11000 duplicate key error index: video.urlinfo.$videoname_1  dup key: { : "【拇指哥】捉鬼敢死队咖喱和台湾杯面(2)" }
Mon, 05 Jun 2017 15:17:22 iqiyi.py[line:92] DEBUG insertDocument :: caused by :: 11000 E11000 duplicate key error index: video.urlinfo.$videoname_1  dup key: { : "【古德Maxlinwei】COD13 BETA 空间地图之逗逼敢死队" }
Mon, 05 Jun 2017 15:17:26 iqiyi.py[line:92] DEBUG insertDocument :: caused by :: 11000 E11000 duplicate key error index: video.urlinfo.$videoname_1  dup key: { : "（中文字幕）诚实预告——捉鬼敢死队" }
Mon, 05 Jun 2017 15:17:27 iqiyi.py[line:92] DEBUG insertDocument :: caused by :: 11000 E11000 duplicate key error index: video.urlinfo.$videoname_1  dup key: { : "原6区盟军敢死队 公会视频 庆祝盟军11周年~" }
Mon, 05 Jun 2017 15:17:28 iqiyi.py[line:92] DEBUG insertDocument :: caused by :: 11000 E11000 duplicate key error index: video.urlinfo.$videoname_1  dup key: { : "【暴走看啥片第二季】25 战狼：中国队长龙傲天大战敢死队" }
Mon, 05 Jun 2017 15:17:33 iqiyi.py[line:92] DEBUG insertDocument :: caused by :: 11000 E11000 duplicate key error index: video.urlinfo.$videoname_1  dup key: { : "接受UFC训练在敢死队，和斯坦森打平手" }
Mon, 05 Jun 2017 15:17:45 iqiyi.py[line:92] DEBUG insertDocument :: caused by :: 11000 E11000 duplicate key error index: video.urlinfo.$videoname_1  dup key: { : "最早的“敢死队”出现在中国？比“卧薪尝胆”的故事还要早！" }
Mon, 05 Jun 2017 15:17:53 iqiyi.py[line:92] DEBUG insertDocument :: caused by :: 11000 E11000 duplicate key error index: video.urlinfo.$videoname_1  dup key: { : "盟军敢死队使命召唤之勇往直前 01关  穿越封锁线 套神战术实况版 娱乐字幕版" }
Mon, 05 Jun 2017 15:17:54 iqiyi.py[line:92] DEBUG insertDocument :: caused by :: 11000 E11000 duplicate key error index: video.urlinfo.$videoname_1  dup key: { : "【首播】 五秒盛夏5SOS《Girls Talk Boys》官方MV -超能敢死队原声" }
Mon, 05 Jun 2017 15:17:55 iqiyi.py[line:92] DEBUG insertDocument :: caused by :: 11000 E11000 duplicate key error index: video.urlinfo.$videoname_1  dup key: { : "盟军敢死队2 EX1关卡 差点死档之神战术" }
Mon, 05 Jun 2017 15:17:56 iqiyi.py[line:92] DEBUG insertDocument :: caused by :: 11000 E11000 duplicate key error index: video.urlinfo.$videoname_1  dup key: { : "守望敢死队搞笑集锦第三期，装B的不配回来！" }
Mon, 05 Jun 2017 15:17:58 iqiyi.py[line:92] DEBUG insertDocument :: caused by :: 11000 E11000 duplicate key error index: video.urlinfo.$videoname_1  dup key: { : "满怀欣喜等着被解救，结果这群敢死队吓跑敌人后，集体拔刀捅自己" }
Mon, 05 Jun 2017 15:17:59 iqiyi.py[line:92] DEBUG insertDocument :: caused by :: 11000 E11000 duplicate key error index: video.urlinfo.$videoname_1  dup key: { : "【TNABO】《捉鬼敢死队》剧本解析-《捉鬼敢死队》是如何成为《捉鬼敢死队》的" }
Mon, 05 Jun 2017 15:18:19 iqiyi.py[line:92] DEBUG insertDocument :: caused by :: 11000 E11000 duplicate key error index: video.urlinfo.$videoname_1  dup key: { : "第47集磊哥9900直播影子战术将军之刃攻略流程日本幕府战国时代即时战略游戏盟军敢死队单机电脑游戏" }
Mon, 05 Jun 2017 15:18:30 iqiyi.py[line:92] DEBUG insertDocument :: caused by :: 11000 E11000 duplicate key error index: video.urlinfo.$videoname_1  dup key: { : "第41集磊哥9900直播影子战术将军之刃攻略流程日本幕府战国时代即时战略游戏盟军敢死队单机电脑游戏" }
Mon, 05 Jun 2017 15:18:37 iqiyi.py[line:92] DEBUG insertDocument :: caused by :: 11000 E11000 duplicate key error index: video.urlinfo.$videoname_1  dup key: { : "《废柴和尚敢死队》高能预告" }
Mon, 05 Jun 2017 15:18:40 iqiyi.py[line:92] DEBUG insertDocument :: caused by :: 11000 E11000 duplicate key error index: video.urlinfo.$videoname_1  dup key: { : "盟军敢死队之不可能完成的任务 狙击杀阵 全捆" }
Mon, 05 Jun 2017 15:18:41 iqiyi.py[line:92] DEBUG insertDocument :: caused by :: 11000 E11000 duplicate key error index: video.urlinfo.$videoname_1  dup key: { : "【国际中文版】女版-捉鬼敢死队 (台译：魔鬼剋星) 正式电影预告" }
Mon, 05 Jun 2017 15:18:42 iqiyi.py[line:92] DEBUG insertDocument :: caused by :: 11000 E11000 duplicate key error index: video.urlinfo.$videoname_1  dup key: { : "继红牛敢死队天门山发卡弯漂移之后 意大利车手又驾驶法拉利来挑战天门山发卡弯" }
Mon, 05 Jun 2017 15:18:43 iqiyi.py[line:92] DEBUG insertDocument :: caused by :: 11000 E11000 duplicate key error index: video.urlinfo.$videoname_1  dup key: { : "洛奇英雄传 敢死队过关卡丹版本" }
Mon, 05 Jun 2017 15:18:45 iqiyi.py[line:92] DEBUG insertDocument :: caused by :: 11000 E11000 duplicate key error index: video.urlinfo.$videoname_1  dup key: { : "最燃热血电影混剪，1分钟带你看完碟中谍敢死队" }
Mon, 05 Jun 2017 15:18:46 iqiyi.py[line:92] DEBUG insertDocument :: caused by :: 11000 E11000 duplicate key error index: video.urlinfo.$videoname_1  dup key: { : "GTA5-敢死队（GSD）【变态绅士】." }
Mon, 05 Jun 2017 15:18:48 iqiyi.py[line:92] DEBUG insertDocument :: caused by :: 11000 E11000 duplicate key error index: video.urlinfo.$videoname_1  dup key: { : "“涨停板敢死队”揭秘：如何追强势股，打造持续复利机器（预告）" }
Mon, 05 Jun 2017 15:18:53 iqiyi.py[line:92] DEBUG insertDocument :: caused by :: 11000 E11000 duplicate key error index: video.urlinfo.$videoname_1  dup key: { : "盟军敢死队2 K11救间谍 吐血吧 看完不服气的人 套神战术实况版" }
Mon, 05 Jun 2017 15:18:54 iqiyi.py[line:92] DEBUG insertDocument :: caused by :: 11000 E11000 duplicate key error index: video.urlinfo.$videoname_1  dup key: { : "《敢死队3》角色预告" }
Mon, 05 Jun 2017 15:18:57 iqiyi.py[line:92] DEBUG insertDocument :: caused by :: 11000 E11000 duplicate key error index: video.urlinfo.$videoname_1  dup key: { : "盟军敢死队2 不可能完成的任务 B1 急速快艇" }
Mon, 05 Jun 2017 15:18:59 iqiyi.py[line:92] DEBUG insertDocument :: caused by :: 11000 E11000 duplicate key error index: video.urlinfo.$videoname_1  dup key: { : "【彪马实时秀】0725新规则 普京又躺枪 人太多的敢死队 2年仍新鲜的热狗" }
Mon, 05 Jun 2017 15:19:19 iqiyi.py[line:92] DEBUG insertDocument :: caused by :: 11000 E11000 duplicate key error index: video.urlinfo.$videoname_1  dup key: { : "诚实预告片-超能敢死队" }
Mon, 05 Jun 2017 15:19:20 iqiyi.py[line:92] DEBUG insertDocument :: caused by :: 11000 E11000 duplicate key error index: video.urlinfo.$videoname_1  dup key: { : "（毒药）不怕死的敢死队！" }
Mon, 05 Jun 2017 15:19:21 iqiyi.py[line:92] DEBUG insertDocument :: caused by :: 11000 E11000 duplicate key error index: video.urlinfo.$videoname_1  dup key: { : "捉鬼敢死队预告" }
Mon, 05 Jun 2017 15:19:22 iqiyi.py[line:92] DEBUG insertDocument :: caused by :: 11000 E11000 duplicate key error index: video.urlinfo.$videoname_1  dup key: { : "守望先锋：敢死队版全程最佳" }
Mon, 05 Jun 2017 15:19:23 iqiyi.py[line:92] DEBUG insertDocument :: caused by :: 11000 E11000 duplicate key error index: video.urlinfo.$videoname_1  dup key: { : "【红牛敢死队 / 1080P 】摩托过山车" }
Mon, 05 Jun 2017 15:19:38 iqiyi.py[line:92] DEBUG insertDocument :: caused by :: 11000 E11000 duplicate key error index: video.urlinfo.$videoname_1  dup key: { : "【柯南秀】《捉鬼敢死队》搞笑片段" }
Mon, 05 Jun 2017 15:19:39 iqiyi.py[line:92] DEBUG insertDocument :: caused by :: 11000 E11000 duplicate key error index: video.urlinfo.$videoname_1  dup key: { : "【萌军丶敢死队】 剑啸江湖 剑网三" }
Mon, 05 Jun 2017 15:19:40 iqiyi.py[line:92] DEBUG insertDocument :: caused by :: 11000 E11000 duplicate key error index: video.urlinfo.$videoname_1  dup key: { : "【红牛敢死队】翼装飞行和各种极限运动" }
Mon, 05 Jun 2017 15:19:41 iqiyi.py[line:92] DEBUG insertDocument :: caused by :: 11000 E11000 duplicate key error index: video.urlinfo.$videoname_1  dup key: { : "爱剪辑-国产敢死队动漫之一【星游记】_clip" }
Mon, 05 Jun 2017 15:19:52 iqiyi.py[line:92] DEBUG insertDocument :: caused by :: 11000 E11000 duplicate key error index: video.urlinfo.$videoname_1  dup key: { : "【桃桃字幕组】超能敢死队（2016）【双语预告片】" }
Mon, 05 Jun 2017 15:19:53 iqiyi.py[line:92] DEBUG insertDocument :: caused by :: 11000 E11000 duplicate key error index: video.urlinfo.$videoname_1  dup key: { : "【黑礁MAD】剪辑神同步【敢死队预告原声替换】" }
Mon, 05 Jun 2017 15:20:00 iqiyi.py[line:92] DEBUG insertDocument :: caused by :: 11000 E11000 duplicate key error index: video.urlinfo.$videoname_1  dup key: { : "【节操解说】《超越光速》01-登舰敢死队！" }
Mon, 05 Jun 2017 15:20:01 iqiyi.py[line:92] DEBUG insertDocument :: caused by :: 11000 E11000 duplicate key error index: video.urlinfo.$videoname_1  dup key: { : "fc盟军敢死队通关攻略视频" }
Mon, 05 Jun 2017 15:20:02 iqiyi.py[line:92] DEBUG insertDocument :: caused by :: 11000 E11000 duplicate key error index: video.urlinfo.$videoname_1  dup key: { : "『Activision 捉鬼敢死队』宣传视频" }
Mon, 05 Jun 2017 15:20:11 iqiyi.py[line:92] DEBUG insertDocument :: caused by :: 11000 E11000 duplicate key error index: video.urlinfo.$videoname_1  dup key: { : "充满哲♂学气息的游戏《武装原型：敢死队》游戏实况" }
Mon, 05 Jun 2017 15:20:13 iqiyi.py[line:92] DEBUG insertDocument :: caused by :: 11000 E11000 duplicate key error index: video.urlinfo.$videoname_1  dup key: { : "捉鬼敢死队预告片（高清）@油兔不二字幕组" }
Mon, 05 Jun 2017 15:20:15 iqiyi.py[line:92] DEBUG insertDocument :: caused by :: 11000 E11000 duplicate key error index: video.urlinfo.$videoname_1  dup key: { : "【美渣ZAYN】Like I Would乱入捉鬼敢死队" }
Mon, 05 Jun 2017 15:20:16 iqiyi.py[line:92] DEBUG insertDocument :: caused by :: 11000 E11000 duplicate key error index: video.urlinfo.$videoname_1  dup key: { : "【红牛敢死队】雪山上的翼装飞行与滑翔伞" }
Mon, 05 Jun 2017 15:20:17 iqiyi.py[line:92] DEBUG insertDocument :: caused by :: 11000 E11000 duplicate key error index: video.urlinfo.$videoname_1  dup key: { : "Ghostbusters 超能敢死队 -Patty- Character Featurette - Leslie Jon" }
Mon, 05 Jun 2017 15:20:19 iqiyi.py[line:92] DEBUG insertDocument :: caused by :: 11000 E11000 duplicate key error index: video.urlinfo.$videoname_1  dup key: { : "【The Expendables】【敢死队】【冈纳/阴阳】西门纳的眼泪" }
Mon, 05 Jun 2017 15:20:20 iqiyi.py[line:92] DEBUG insertDocument :: caused by :: 11000 E11000 duplicate key error index: video.urlinfo.$videoname_1  dup key: { : "红牛全球敢死队 HERE AND NOW - ASLEEP IN A CINEMA - Perfect Storm" }
Mon, 05 Jun 2017 15:20:21 iqiyi.py[line:92] DEBUG insertDocument :: caused by :: 11000 E11000 duplicate key error index: video.urlinfo.$videoname_1  dup key: { : "【噗通响字幕组】Pentatonix演唱《捉鬼敢死队》Ghostbuster原声" }
Mon, 05 Jun 2017 15:20:24 iqiyi.py[line:92] DEBUG insertDocument :: caused by :: 11000 E11000 duplicate key error index: video.urlinfo.$videoname_1  dup key: { : "Ghostbusters 超能敢死队 -Holtzmann- Character Featurette - Kate M" }
Mon, 05 Jun 2017 15:20:25 iqiyi.py[line:92] DEBUG insertDocument :: caused by :: 11000 E11000 duplicate key error index: video.urlinfo.$videoname_1  dup key: { : "盟军敢死队1深入敌后极速通关BY魔音游侠" }
Mon, 05 Jun 2017 15:20:27 iqiyi.py[line:92] DEBUG insertDocument :: caused by :: 11000 E11000 duplicate key error index: video.urlinfo.$videoname_1  dup key: { : "【王凯】【铁道飞虎】导演特辑 成龙王凯组平民敢死队" }
